<?xml version="1.0" encoding="UTF-8" ?>

<testsuite failures="0" time="0.16" errors="0" skipped="0" tests="2" name="ApplicationTest">
  <testcase classname="ApplicationTest" name="testThatIndexPageWorks" time="0.073">
      </testcase>
  <testcase classname="ApplicationTest" name="barTest" time="0.087">
      </testcase>
</testsuite>
