<?xml version="1.0" encoding="UTF-8" ?>

<testsuite failures="0" time="0.003" errors="0" skipped="0" tests="1" name="BarTest">
  <testcase classname="BarTest" name="integrationTest" time="0.003">
      </testcase>
</testsuite>
